 
****************************************
Report : timing
        -path full
        -delay max
        -derate
        -input_pins
        -nets
        -slack_lesser_than 0.0000
        -max_paths 10000
        -transition_time
        -crosstalk_delta
        -capacitance
Design : adder
Version: P-2019.03-SP1-1
Date   : Sun Feb 28 16:16:01 2021
****************************************

Operating Conditions: ss0p75v125c   Library: saed32hvt_ss0p75v125c
Wire Load Model Mode: enclosed
No paths.

1
